/*C1*/SET SCHEMA SYSTEM_LOBS
INSERT INTO BLOCKS VALUES(0,2147483647,0)
COMMIT
/*C3*/SET SCHEMA PUBLIC
drop table if exists credit_card CASCADE 
drop table if exists customer CASCADE 
create table credit_card (card_number varchar(255) not null, type varchar(255), validation_date varchar(255), primary key (card_number))
create table customer (customer_number integer not null, email varchar(255), name varchar(255), phone varchar(255), credit_card_card_number varchar(255), primary key (customer_number))
alter table customer add constraint FKqhqsk3rmau53kiyvmo2oykooy foreign key (credit_card_card_number) references credit_card
INSERT INTO CREDIT_CARD VALUES('12324564321','Visa','11/23')
INSERT INTO CUSTOMER VALUES(101,'johnd@acme.com','John doe','0622341678','12324564321')
COMMIT
INSERT INTO CREDIT_CARD VALUES('657483342','Visa','09/23')
INSERT INTO CUSTOMER VALUES(109,'jones@acme.com','John Jones','0624321234','657483342')
COMMIT
INSERT INTO CREDIT_CARD VALUES('99876549876','MasterCard','01/24')
INSERT INTO CUSTOMER VALUES(66,'jj123@acme.com','James Johnson','068633452','99876549876')
COMMIT
DELETE FROM CUSTOMER WHERE CUSTOMER_NUMBER=101
INSERT INTO CUSTOMER VALUES(101,'jd@gmail.com','John doe','0622341678','12324564321')
COMMIT
DISCONNECT
/*C4*/SET SCHEMA PUBLIC
DISCONNECT
/*C5*/SET SCHEMA PUBLIC
DISCONNECT
/*C6*/SET SCHEMA PUBLIC
DISCONNECT
/*C7*/SET SCHEMA PUBLIC
DISCONNECT
/*C8*/SET SCHEMA PUBLIC
DISCONNECT
/*C9*/SET SCHEMA PUBLIC
DISCONNECT
/*C10*/SET SCHEMA PUBLIC
DISCONNECT
/*C11*/SET SCHEMA PUBLIC
DISCONNECT
/*C12*/SET SCHEMA PUBLIC
DISCONNECT
