12-Dec-2021 01:48:19.720 INFO [main] org.apache.catalina.startup.VersionLoggerListener.log Server version name:   Apache Tomcat/9.0.55
12-Dec-2021 01:48:19.721 INFO [main] org.apache.catalina.startup.VersionLoggerListener.log Server built:          Nov 10 2021 08:26:45 UTC
12-Dec-2021 01:48:19.721 INFO [main] org.apache.catalina.startup.VersionLoggerListener.log Server version number: 9.0.55.0
12-Dec-2021 01:48:19.721 INFO [main] org.apache.catalina.startup.VersionLoggerListener.log OS Name:               Mac OS X
12-Dec-2021 01:48:19.721 INFO [main] org.apache.catalina.startup.VersionLoggerListener.log OS Version:            11.4
12-Dec-2021 01:48:19.721 INFO [main] org.apache.catalina.startup.VersionLoggerListener.log Architecture:          aarch64
12-Dec-2021 01:48:19.721 INFO [main] org.apache.catalina.startup.VersionLoggerListener.log Java Home:             /Library/Java/JavaVirtualMachines/jdk-17.0.1.jdk/Contents/Home
12-Dec-2021 01:48:19.722 INFO [main] org.apache.catalina.startup.VersionLoggerListener.log JVM Version:           17.0.1+12-LTS-39
12-Dec-2021 01:48:19.722 INFO [main] org.apache.catalina.startup.VersionLoggerListener.log JVM Vendor:            Oracle Corporation
12-Dec-2021 01:48:19.722 INFO [main] org.apache.catalina.startup.VersionLoggerListener.log CATALINA_BASE:         /Users/wineikhaing/Desktop/MIU/WAA/apache-tomcat-9.0.55
12-Dec-2021 01:48:19.722 INFO [main] org.apache.catalina.startup.VersionLoggerListener.log CATALINA_HOME:         /Users/wineikhaing/Desktop/MIU/WAA/apache-tomcat-9.0.55
12-Dec-2021 01:48:19.727 INFO [main] org.apache.catalina.startup.VersionLoggerListener.log Command line argument: --add-opens=java.base/java.lang=ALL-UNNAMED
12-Dec-2021 01:48:19.727 INFO [main] org.apache.catalina.startup.VersionLoggerListener.log Command line argument: --add-opens=java.base/java.io=ALL-UNNAMED
12-Dec-2021 01:48:19.727 INFO [main] org.apache.catalina.startup.VersionLoggerListener.log Command line argument: --add-opens=java.base/java.util=ALL-UNNAMED
12-Dec-2021 01:48:19.727 INFO [main] org.apache.catalina.startup.VersionLoggerListener.log Command line argument: --add-opens=java.base/java.util.concurrent=ALL-UNNAMED
12-Dec-2021 01:48:19.727 INFO [main] org.apache.catalina.startup.VersionLoggerListener.log Command line argument: --add-opens=java.rmi/sun.rmi.transport=ALL-UNNAMED
12-Dec-2021 01:48:19.727 INFO [main] org.apache.catalina.startup.VersionLoggerListener.log Command line argument: -Djava.util.logging.config.file=/Users/wineikhaing/desktop/miu/waa/apache-tomcat-9.0.55/conf/logging.properties
12-Dec-2021 01:48:19.727 INFO [main] org.apache.catalina.startup.VersionLoggerListener.log Command line argument: -Djava.util.logging.manager=org.apache.juli.ClassLoaderLogManager
12-Dec-2021 01:48:19.727 INFO [main] org.apache.catalina.startup.VersionLoggerListener.log Command line argument: -Djdk.tls.ephemeralDHKeySize=2048
12-Dec-2021 01:48:19.727 INFO [main] org.apache.catalina.startup.VersionLoggerListener.log Command line argument: -Djava.protocol.handler.pkgs=org.apache.catalina.webresources
12-Dec-2021 01:48:19.727 INFO [main] org.apache.catalina.startup.VersionLoggerListener.log Command line argument: -Dorg.apache.catalina.security.SecurityListener.UMASK=0027
12-Dec-2021 01:48:19.728 INFO [main] org.apache.catalina.startup.VersionLoggerListener.log Command line argument: -Dignore.endorsed.dirs=
12-Dec-2021 01:48:19.728 INFO [main] org.apache.catalina.startup.VersionLoggerListener.log Command line argument: -Dcatalina.base=/Users/wineikhaing/desktop/miu/waa/apache-tomcat-9.0.55
12-Dec-2021 01:48:19.728 INFO [main] org.apache.catalina.startup.VersionLoggerListener.log Command line argument: -Dcatalina.home=/Users/wineikhaing/desktop/miu/waa/apache-tomcat-9.0.55
12-Dec-2021 01:48:19.728 INFO [main] org.apache.catalina.startup.VersionLoggerListener.log Command line argument: -Djava.io.tmpdir=/Users/wineikhaing/desktop/miu/waa/apache-tomcat-9.0.55/temp
12-Dec-2021 01:48:19.728 INFO [main] org.apache.catalina.core.AprLifecycleListener.lifecycleEvent The Apache Tomcat Native library which allows using OpenSSL was not found on the java.library.path: [/Users/wineikhaing/Library/Java/Extensions:/Library/Java/Extensions:/Network/Library/Java/Extensions:/System/Library/Java/Extensions:/usr/lib/java:.]
12-Dec-2021 01:48:19.843 INFO [main] org.apache.coyote.AbstractProtocol.init Initializing ProtocolHandler ["http-nio-8080"]
12-Dec-2021 01:48:19.858 INFO [main] org.apache.catalina.startup.Catalina.load Server initialization in [215] milliseconds
12-Dec-2021 01:48:19.872 INFO [main] org.apache.catalina.core.StandardService.startInternal Starting service [Catalina]
12-Dec-2021 01:48:19.873 INFO [main] org.apache.catalina.core.StandardEngine.startInternal Starting Servlet engine: [Apache Tomcat/9.0.55]
12-Dec-2021 01:48:19.875 INFO [main] org.apache.catalina.startup.HostConfig.deployDirectory Deploying web application directory [/Users/wineikhaing/Desktop/MIU/WAA/apache-tomcat-9.0.55/webapps/docs]
12-Dec-2021 01:48:19.970 INFO [main] org.apache.catalina.startup.HostConfig.deployDirectory Deployment of web application directory [/Users/wineikhaing/Desktop/MIU/WAA/apache-tomcat-9.0.55/webapps/docs] has finished in [95] ms
12-Dec-2021 01:48:19.971 INFO [main] org.apache.catalina.startup.HostConfig.deployDirectory Deploying web application directory [/Users/wineikhaing/Desktop/MIU/WAA/apache-tomcat-9.0.55/webapps/manager]
12-Dec-2021 01:48:19.986 INFO [main] org.apache.catalina.startup.HostConfig.deployDirectory Deployment of web application directory [/Users/wineikhaing/Desktop/MIU/WAA/apache-tomcat-9.0.55/webapps/manager] has finished in [15] ms
12-Dec-2021 01:48:19.986 INFO [main] org.apache.catalina.startup.HostConfig.deployDirectory Deploying web application directory [/Users/wineikhaing/Desktop/MIU/WAA/apache-tomcat-9.0.55/webapps/examples]
12-Dec-2021 01:48:20.094 INFO [main] org.apache.catalina.startup.HostConfig.deployDirectory Deployment of web application directory [/Users/wineikhaing/Desktop/MIU/WAA/apache-tomcat-9.0.55/webapps/examples] has finished in [108] ms
12-Dec-2021 01:48:20.094 INFO [main] org.apache.catalina.startup.HostConfig.deployDirectory Deploying web application directory [/Users/wineikhaing/Desktop/MIU/WAA/apache-tomcat-9.0.55/webapps/ROOT]
12-Dec-2021 01:48:20.102 INFO [main] org.apache.catalina.startup.HostConfig.deployDirectory Deployment of web application directory [/Users/wineikhaing/Desktop/MIU/WAA/apache-tomcat-9.0.55/webapps/ROOT] has finished in [7] ms
12-Dec-2021 01:48:20.102 INFO [main] org.apache.catalina.startup.HostConfig.deployDirectory Deploying web application directory [/Users/wineikhaing/Desktop/MIU/WAA/apache-tomcat-9.0.55/webapps/host-manager]
12-Dec-2021 01:48:20.111 INFO [main] org.apache.catalina.startup.HostConfig.deployDirectory Deployment of web application directory [/Users/wineikhaing/Desktop/MIU/WAA/apache-tomcat-9.0.55/webapps/host-manager] has finished in [8] ms
12-Dec-2021 01:48:20.112 INFO [main] org.apache.coyote.AbstractProtocol.start Starting ProtocolHandler ["http-nio-8080"]
12-Dec-2021 01:48:20.117 INFO [main] org.apache.catalina.startup.Catalina.start Server startup in [258] milliseconds
12-Dec-2021 02:05:17.360 INFO [Thread-2] org.apache.coyote.AbstractProtocol.pause Pausing ProtocolHandler ["http-nio-8080"]
12-Dec-2021 02:05:17.380 INFO [Thread-2] org.apache.catalina.core.StandardService.stopInternal Stopping service [Catalina]
12-Dec-2021 02:05:17.464 INFO [Thread-2] org.apache.coyote.AbstractProtocol.stop Stopping ProtocolHandler ["http-nio-8080"]
12-Dec-2021 02:05:17.482 INFO [Thread-2] org.apache.coyote.AbstractProtocol.destroy Destroying ProtocolHandler ["http-nio-8080"]
12-Dec-2021 02:25:23.420 INFO [main] org.apache.catalina.startup.VersionLoggerListener.log Server version name:   Apache Tomcat/9.0.55
12-Dec-2021 02:25:23.421 INFO [main] org.apache.catalina.startup.VersionLoggerListener.log Server built:          Nov 10 2021 08:26:45 UTC
12-Dec-2021 02:25:23.421 INFO [main] org.apache.catalina.startup.VersionLoggerListener.log Server version number: 9.0.55.0
12-Dec-2021 02:25:23.421 INFO [main] org.apache.catalina.startup.VersionLoggerListener.log OS Name:               Mac OS X
12-Dec-2021 02:25:23.421 INFO [main] org.apache.catalina.startup.VersionLoggerListener.log OS Version:            11.4
12-Dec-2021 02:25:23.421 INFO [main] org.apache.catalina.startup.VersionLoggerListener.log Architecture:          aarch64
12-Dec-2021 02:25:23.421 INFO [main] org.apache.catalina.startup.VersionLoggerListener.log Java Home:             /Library/Java/JavaVirtualMachines/jdk-17.0.1.jdk/Contents/Home
12-Dec-2021 02:25:23.421 INFO [main] org.apache.catalina.startup.VersionLoggerListener.log JVM Version:           17.0.1+12-LTS-39
12-Dec-2021 02:25:23.421 INFO [main] org.apache.catalina.startup.VersionLoggerListener.log JVM Vendor:            Oracle Corporation
12-Dec-2021 02:25:23.421 INFO [main] org.apache.catalina.startup.VersionLoggerListener.log CATALINA_BASE:         /Users/wineikhaing/Desktop/MIU/WAA/apache-tomcat-9.0.55
12-Dec-2021 02:25:23.422 INFO [main] org.apache.catalina.startup.VersionLoggerListener.log CATALINA_HOME:         /Users/wineikhaing/Desktop/MIU/WAA/apache-tomcat-9.0.55
12-Dec-2021 02:25:23.425 INFO [main] org.apache.catalina.startup.VersionLoggerListener.log Command line argument: --add-opens=java.base/java.lang=ALL-UNNAMED
12-Dec-2021 02:25:23.426 INFO [main] org.apache.catalina.startup.VersionLoggerListener.log Command line argument: --add-opens=java.base/java.io=ALL-UNNAMED
12-Dec-2021 02:25:23.426 INFO [main] org.apache.catalina.startup.VersionLoggerListener.log Command line argument: --add-opens=java.base/java.util=ALL-UNNAMED
12-Dec-2021 02:25:23.426 INFO [main] org.apache.catalina.startup.VersionLoggerListener.log Command line argument: --add-opens=java.base/java.util.concurrent=ALL-UNNAMED
12-Dec-2021 02:25:23.426 INFO [main] org.apache.catalina.startup.VersionLoggerListener.log Command line argument: --add-opens=java.rmi/sun.rmi.transport=ALL-UNNAMED
12-Dec-2021 02:25:23.426 INFO [main] org.apache.catalina.startup.VersionLoggerListener.log Command line argument: -Djava.util.logging.config.file=/Users/wineikhaing/desktop/miu/waa/apache-tomcat-9.0.55/conf/logging.properties
12-Dec-2021 02:25:23.426 INFO [main] org.apache.catalina.startup.VersionLoggerListener.log Command line argument: -Djava.util.logging.manager=org.apache.juli.ClassLoaderLogManager
12-Dec-2021 02:25:23.426 INFO [main] org.apache.catalina.startup.VersionLoggerListener.log Command line argument: -Djdk.tls.ephemeralDHKeySize=2048
12-Dec-2021 02:25:23.426 INFO [main] org.apache.catalina.startup.VersionLoggerListener.log Command line argument: -Djava.protocol.handler.pkgs=org.apache.catalina.webresources
12-Dec-2021 02:25:23.426 INFO [main] org.apache.catalina.startup.VersionLoggerListener.log Command line argument: -Dorg.apache.catalina.security.SecurityListener.UMASK=0027
12-Dec-2021 02:25:23.426 INFO [main] org.apache.catalina.startup.VersionLoggerListener.log Command line argument: -Dignore.endorsed.dirs=
12-Dec-2021 02:25:23.426 INFO [main] org.apache.catalina.startup.VersionLoggerListener.log Command line argument: -Dcatalina.base=/Users/wineikhaing/desktop/miu/waa/apache-tomcat-9.0.55
12-Dec-2021 02:25:23.426 INFO [main] org.apache.catalina.startup.VersionLoggerListener.log Command line argument: -Dcatalina.home=/Users/wineikhaing/desktop/miu/waa/apache-tomcat-9.0.55
12-Dec-2021 02:25:23.426 INFO [main] org.apache.catalina.startup.VersionLoggerListener.log Command line argument: -Djava.io.tmpdir=/Users/wineikhaing/desktop/miu/waa/apache-tomcat-9.0.55/temp
12-Dec-2021 02:25:23.427 INFO [main] org.apache.catalina.core.AprLifecycleListener.lifecycleEvent The Apache Tomcat Native library which allows using OpenSSL was not found on the java.library.path: [/Users/wineikhaing/Library/Java/Extensions:/Library/Java/Extensions:/Network/Library/Java/Extensions:/System/Library/Java/Extensions:/usr/lib/java:.]
12-Dec-2021 02:25:23.548 INFO [main] org.apache.coyote.AbstractProtocol.init Initializing ProtocolHandler ["http-nio-8080"]
12-Dec-2021 02:25:23.563 INFO [main] org.apache.catalina.startup.Catalina.load Server initialization in [229] milliseconds
12-Dec-2021 02:25:23.579 INFO [main] org.apache.catalina.core.StandardService.startInternal Starting service [Catalina]
12-Dec-2021 02:25:23.579 INFO [main] org.apache.catalina.core.StandardEngine.startInternal Starting Servlet engine: [Apache Tomcat/9.0.55]
12-Dec-2021 02:25:23.582 INFO [main] org.apache.catalina.startup.HostConfig.deployDirectory Deploying web application directory [/Users/wineikhaing/Desktop/MIU/WAA/apache-tomcat-9.0.55/webapps/docs]
12-Dec-2021 02:25:23.677 INFO [main] org.apache.catalina.startup.HostConfig.deployDirectory Deployment of web application directory [/Users/wineikhaing/Desktop/MIU/WAA/apache-tomcat-9.0.55/webapps/docs] has finished in [95] ms
12-Dec-2021 02:25:23.677 INFO [main] org.apache.catalina.startup.HostConfig.deployDirectory Deploying web application directory [/Users/wineikhaing/Desktop/MIU/WAA/apache-tomcat-9.0.55/webapps/manager]
12-Dec-2021 02:25:23.693 INFO [main] org.apache.catalina.startup.HostConfig.deployDirectory Deployment of web application directory [/Users/wineikhaing/Desktop/MIU/WAA/apache-tomcat-9.0.55/webapps/manager] has finished in [16] ms
12-Dec-2021 02:25:23.693 INFO [main] org.apache.catalina.startup.HostConfig.deployDirectory Deploying web application directory [/Users/wineikhaing/Desktop/MIU/WAA/apache-tomcat-9.0.55/webapps/examples]
12-Dec-2021 02:25:23.801 INFO [main] org.apache.catalina.startup.HostConfig.deployDirectory Deployment of web application directory [/Users/wineikhaing/Desktop/MIU/WAA/apache-tomcat-9.0.55/webapps/examples] has finished in [108] ms
12-Dec-2021 02:25:23.802 INFO [main] org.apache.catalina.startup.HostConfig.deployDirectory Deploying web application directory [/Users/wineikhaing/Desktop/MIU/WAA/apache-tomcat-9.0.55/webapps/ROOT]
12-Dec-2021 02:25:23.810 INFO [main] org.apache.catalina.startup.HostConfig.deployDirectory Deployment of web application directory [/Users/wineikhaing/Desktop/MIU/WAA/apache-tomcat-9.0.55/webapps/ROOT] has finished in [7] ms
12-Dec-2021 02:25:23.810 INFO [main] org.apache.catalina.startup.HostConfig.deployDirectory Deploying web application directory [/Users/wineikhaing/Desktop/MIU/WAA/apache-tomcat-9.0.55/webapps/host-manager]
12-Dec-2021 02:25:23.818 INFO [main] org.apache.catalina.startup.HostConfig.deployDirectory Deployment of web application directory [/Users/wineikhaing/Desktop/MIU/WAA/apache-tomcat-9.0.55/webapps/host-manager] has finished in [8] ms
12-Dec-2021 02:25:23.820 INFO [main] org.apache.coyote.AbstractProtocol.start Starting ProtocolHandler ["http-nio-8080"]
12-Dec-2021 02:25:23.824 INFO [main] org.apache.catalina.startup.Catalina.start Server startup in [260] milliseconds
12-Dec-2021 03:00:20.305 INFO [Thread-2] org.apache.coyote.AbstractProtocol.pause Pausing ProtocolHandler ["http-nio-8080"]
12-Dec-2021 03:00:20.319 INFO [Thread-2] org.apache.catalina.core.StandardService.stopInternal Stopping service [Catalina]
12-Dec-2021 03:00:20.350 INFO [Thread-2] org.apache.coyote.AbstractProtocol.stop Stopping ProtocolHandler ["http-nio-8080"]
12-Dec-2021 03:00:20.363 INFO [Thread-2] org.apache.coyote.AbstractProtocol.destroy Destroying ProtocolHandler ["http-nio-8080"]
