28-Nov-2021 13:29:16.541 INFO [main] org.apache.catalina.core.ApplicationContext.log ContextListener: contextInitialized()
28-Nov-2021 13:29:16.541 INFO [main] org.apache.catalina.core.ApplicationContext.log SessionListener: contextInitialized()
28-Nov-2021 13:29:16.541 INFO [main] org.apache.catalina.core.ApplicationContext.log ContextListener: attributeAdded('StockTicker', 'async.Stockticker@1433046b')
28-Nov-2021 13:29:16.573 INFO [main] org.apache.catalina.core.ApplicationContext.log SessionListener: contextDestroyed()
28-Nov-2021 13:29:16.573 INFO [main] org.apache.catalina.core.ApplicationContext.log ContextListener: contextDestroyed()
28-Nov-2021 13:30:12.844 INFO [main] org.apache.catalina.core.ApplicationContext.log ContextListener: contextInitialized()
28-Nov-2021 13:30:12.844 INFO [main] org.apache.catalina.core.ApplicationContext.log SessionListener: contextInitialized()
28-Nov-2021 13:30:12.845 INFO [main] org.apache.catalina.core.ApplicationContext.log ContextListener: attributeAdded('StockTicker', 'async.Stockticker@65a4798f')
28-Nov-2021 13:30:12.875 INFO [main] org.apache.catalina.core.ApplicationContext.log SessionListener: contextDestroyed()
28-Nov-2021 13:30:12.875 INFO [main] org.apache.catalina.core.ApplicationContext.log ContextListener: contextDestroyed()
28-Nov-2021 13:35:38.898 INFO [main] org.apache.catalina.core.ApplicationContext.log ContextListener: contextInitialized()
28-Nov-2021 13:35:38.898 INFO [main] org.apache.catalina.core.ApplicationContext.log SessionListener: contextInitialized()
28-Nov-2021 13:35:38.898 INFO [main] org.apache.catalina.core.ApplicationContext.log ContextListener: attributeAdded('StockTicker', 'async.Stockticker@34a97744')
28-Nov-2021 13:35:48.521 INFO [Thread-2] org.apache.catalina.core.ApplicationContext.log SessionListener: contextDestroyed()
28-Nov-2021 13:35:48.521 INFO [Thread-2] org.apache.catalina.core.ApplicationContext.log ContextListener: contextDestroyed()
28-Nov-2021 13:36:44.892 INFO [main] org.apache.catalina.core.ApplicationContext.log ContextListener: contextInitialized()
28-Nov-2021 13:36:44.892 INFO [main] org.apache.catalina.core.ApplicationContext.log SessionListener: contextInitialized()
28-Nov-2021 13:36:44.892 INFO [main] org.apache.catalina.core.ApplicationContext.log ContextListener: attributeAdded('StockTicker', 'async.Stockticker@71ae31b0')
28-Nov-2021 13:36:48.802 INFO [main] org.apache.catalina.core.ApplicationContext.log SessionListener: contextDestroyed()
28-Nov-2021 13:36:48.802 INFO [main] org.apache.catalina.core.ApplicationContext.log ContextListener: contextDestroyed()
28-Nov-2021 13:37:07.197 INFO [main] org.apache.catalina.core.ApplicationContext.log ContextListener: contextInitialized()
28-Nov-2021 13:37:07.197 INFO [main] org.apache.catalina.core.ApplicationContext.log SessionListener: contextInitialized()
28-Nov-2021 13:37:07.197 INFO [main] org.apache.catalina.core.ApplicationContext.log ContextListener: attributeAdded('StockTicker', 'async.Stockticker@2cac4385')
28-Nov-2021 13:37:45.220 INFO [Thread-2] org.apache.catalina.core.ApplicationContext.log SessionListener: contextDestroyed()
28-Nov-2021 13:37:45.220 INFO [Thread-2] org.apache.catalina.core.ApplicationContext.log ContextListener: contextDestroyed()
28-Nov-2021 13:37:55.749 INFO [main] org.apache.catalina.core.ApplicationContext.log ContextListener: contextInitialized()
28-Nov-2021 13:37:55.750 INFO [main] org.apache.catalina.core.ApplicationContext.log SessionListener: contextInitialized()
28-Nov-2021 13:37:55.750 INFO [main] org.apache.catalina.core.ApplicationContext.log ContextListener: attributeAdded('StockTicker', 'async.Stockticker@4ba534b0')
